<?xml version="1.0" encoding="UTF-8"?>
<testng-results ignored="0" total="2" passed="2" failed="0" skipped="0">
  <reporter-output>
  </reporter-output>
  <suite started-at="2022-12-12T10:58:29 IST" name="Suite" finished-at="2022-12-12T10:59:29 IST" duration-ms="60576">
    <groups>
    </groups>
    <test started-at="2022-12-12T10:58:29 IST" name="Test" finished-at="2022-12-12T10:59:29 IST" duration-ms="60576">
      <class name="TestCases.VerifyLoginTestCase">
        <test-method is-config="true" signature="launchBrowser()[pri:0, instance:TestCases.VerifyLoginTestCase@7334aada]" started-at="2022-12-12T10:58:29 IST" name="launchBrowser" finished-at="2022-12-12T10:58:34 IST" duration-ms="5223" status="PASS">
          <reporter-output>
          </reporter-output>
        </test-method> <!-- launchBrowser -->
        <test-method signature="login()[pri:0, instance:TestCases.VerifyLoginTestCase@7334aada]" started-at="2022-12-12T10:58:34 IST" name="login" finished-at="2022-12-12T10:58:36 IST" duration-ms="1754" status="PASS">
          <reporter-output>
          </reporter-output>
        </test-method> <!-- login -->
        <test-method is-config="true" signature="tearDown()[pri:0, instance:TestCases.VerifyLoginTestCase@7334aada]" started-at="2022-12-12T10:58:36 IST" name="tearDown" finished-at="2022-12-12T10:58:36 IST" duration-ms="1" status="PASS">
          <reporter-output>
          </reporter-output>
        </test-method> <!-- tearDown -->
      </class> <!-- TestCases.VerifyLoginTestCase -->
      <class name="TestCases.VerifySignUpTestCase">
        <test-method is-config="true" signature="launchBrowser()[pri:0, instance:TestCases.VerifySignUpTestCase@6c64cb25]" started-at="2022-12-12T10:58:36 IST" name="launchBrowser" finished-at="2022-12-12T10:58:41 IST" duration-ms="4766" status="PASS">
          <reporter-output>
          </reporter-output>
        </test-method> <!-- launchBrowser -->
        <test-method signature="SignUp()[pri:0, instance:TestCases.VerifySignUpTestCase@6c64cb25]" started-at="2022-12-12T10:58:41 IST" name="SignUp" finished-at="2022-12-12T10:59:29 IST" duration-ms="48724" status="PASS">
          <reporter-output>
          </reporter-output>
        </test-method> <!-- SignUp -->
        <test-method is-config="true" signature="tearDown()[pri:0, instance:TestCases.VerifySignUpTestCase@6c64cb25]" started-at="2022-12-12T10:59:29 IST" name="tearDown" finished-at="2022-12-12T10:59:29 IST" duration-ms="1" status="PASS">
          <reporter-output>
          </reporter-output>
        </test-method> <!-- tearDown -->
      </class> <!-- TestCases.VerifySignUpTestCase -->
    </test> <!-- Test -->
  </suite> <!-- Suite -->
</testng-results>
